0 info it worked if it ends with ok
1 verbose cli [ 'node', '/usr/local/bin/npm', 'star', 'node-minify-json' ]
2 info using npm@1.3.14
3 info using node@v0.10.22
4 verbose url raw node-minify-json
5 verbose url resolving [ 'https://registry.npmjs.org/', './node-minify-json' ]
6 verbose url resolved https://registry.npmjs.org/node-minify-json
7 info trying registry request attempt 1 at 09:38:31
8 http GET https://registry.npmjs.org/node-minify-json
9 http 404 https://registry.npmjs.org/node-minify-json
10 error 404 'node-minify-json' is not in the npm registry.
10 error 404 You should bug the author to publish it
10 error 404
10 error 404 Maybe try 'npm search minify json'
10 error 404
10 error 404 Note that you can also install from a
10 error 404 tarball, folder, or http url, or git url.
11 error System Darwin 12.5.0
12 error command "node" "/usr/local/bin/npm" "star" "node-minify-json"
13 error cwd /Users/getify/Desktop/my items/github-projects/json.minify
14 error node -v v0.10.22
15 error npm -v 1.3.14
16 error code E404
17 verbose exit [ 1, true ]
